<?xml version="1.0" encoding="UTF-8"?>
<testng-results total="2" passed="2" failed="0" skipped="0">
  <reporter-output>
  </reporter-output>
  <suite started-at="2024-10-24T10:02:21Z" name="Default suite" finished-at="2024-10-24T10:02:39Z" duration-ms="17517">
    <groups>
    </groups>
    <test started-at="2024-10-24T10:02:21Z" name="Default test" finished-at="2024-10-24T10:02:39Z" duration-ms="17517">
      <class name="TestCases.TC1_Login">
        <test-method is-config="true" signature="setUp()[pri:0, instance:TestCases.TC1_Login@3f191845]" started-at="2024-10-24T15:32:21Z" name="setUp" finished-at="2024-10-24T15:32:26Z" duration-ms="4726" status="PASS">
          <reporter-output>
          </reporter-output>
        </test-method> <!-- setUp -->
        <test-method signature="loginDataDriven(java.lang.String, java.lang.String, java.lang.String)[pri:0, instance:TestCases.TC1_Login@3f191845]" started-at="2024-10-24T15:32:27Z" name="loginDataDriven" data-provider="Logindata" finished-at="2024-10-24T15:32:32Z" duration-ms="5354" status="PASS">
          <params>
            <param index="0">
              <value>
                <![CDATA[admin]]>
              </value>
            </param>
            <param index="1">
              <value>
                <![CDATA[Password@123]]>
              </value>
            </param>
            <param index="2">
              <value>
                <![CDATA[Valid]]>
              </value>
            </param>
          </params>
          <reporter-output>
          </reporter-output>
        </test-method> <!-- loginDataDriven -->
        <test-method signature="loginDataDriven(java.lang.String, java.lang.String, java.lang.String)[pri:0, instance:TestCases.TC1_Login@3f191845]" started-at="2024-10-24T15:32:32Z" name="loginDataDriven" data-provider="Logindata" finished-at="2024-10-24T15:32:34Z" duration-ms="1327" status="PASS">
          <params>
            <param index="0">
              <value>
                <![CDATA[admin]]>
              </value>
            </param>
            <param index="1">
              <value>
                <![CDATA[Password@12]]>
              </value>
            </param>
            <param index="2">
              <value>
                <![CDATA[Invalid]]>
              </value>
            </param>
          </params>
          <reporter-output>
          </reporter-output>
        </test-method> <!-- loginDataDriven -->
        <test-method is-config="true" signature="tearDown()[pri:0, instance:TestCases.TC1_Login@3f191845]" started-at="2024-10-24T15:32:34Z" name="tearDown" finished-at="2024-10-24T15:32:39Z" duration-ms="5105" status="PASS">
          <reporter-output>
          </reporter-output>
        </test-method> <!-- tearDown -->
      </class> <!-- TestCases.TC1_Login -->
    </test> <!-- Default test -->
  </suite> <!-- Default suite -->
</testng-results>
